2025-06-30 00:27:26,590 Tweeted: 2025 is 49% approved on the banana scale with image banana_cropped_49.png | Tweet response: Response(data={'id': '1939586560233734250', 'edit_history_tweet_ids': ['1939586560233734250'], 'text': '2025 is 49% approved on the banana scale https://t.co/JHLtUrpvAX'}, includes={}, errors=[], meta={})
2025-07-01 09:56:26,599 [PST: 2025-07-01 09:56:26 PDT] No new percent to tweet. Last: 49, Current: 49
2025-07-01 22:34:25,241 [PST: 2025-07-01 22:34:25 PDT] No new percent to tweet. Last: 49, Current: 49
2025-07-01 22:34:31,505 [PST: 2025-07-01 22:34:31 PDT] No new percent to tweet. Last: 49, Current: 49
2025-07-02 09:02:52,257 [PST: 2025-07-02 09:02:50 PDT] Tweeted: 2025 is 50% approved on the banana scale with image banana_cropped_50.png | Tweet response: Response(data={'id': '1940441047269855551', 'edit_history_tweet_ids': ['1940441047269855551'], 'text': '2025 is 50% approved on the banana scale https://t.co/vOi8rAXrP4'}, includes={}, errors=[], meta={})
2025-07-13 20:24:06,635 [PST: 2025-07-13 13:24:06 PDT] No new percent to tweet. Last: 52, Current: 52
2025-07-13 13:53:30,178 [PST: 2025-07-13 13:53:30 PDT] No new percent to tweet. Last: 52, Current: 52
2025-07-13 13:55:47,881 [PST: 2025-07-13 13:55:47 PDT] No new percent to tweet. Last: 53, Current: 53
2025-07-13 13:56:18,859 [PST: 2025-07-13 13:56:17 PDT] Tweeted: 2025 is 53% approved on the banana scale with image banana_cropped_53.png | Tweet response: Response(data={'id': '1944501160930644272', 'text': '2025 is 53% approved on the banana scale https://t.co/QULOHHTKi8', 'edit_history_tweet_ids': ['1944501160930644272']}, includes={}, errors=[], meta={})
2025-07-13 21:02:04,773 [PST: 2025-07-13 14:02:04 PDT] No new percent to tweet. Last: 53, Current: 53
2025-07-13 22:42:01,187 [PST: 2025-07-13 15:42:01 PDT] No new percent to tweet. Last: 53, Current: 53
2025-07-14 13:55:26,829 [PST: 2025-07-14 06:55:26 PDT] No new percent to tweet. Last: 53, Current: 53
2025-07-14 22:48:38,497 [PST: 2025-07-14 15:48:38 PDT] No new percent to tweet. Last: 53, Current: 53
2025-07-15 13:58:31,335 [PST: 2025-07-15 06:58:31 PDT] No new percent to tweet. Last: 53, Current: 53
2025-07-15 22:46:36,315 [PST: 2025-07-15 15:46:36 PDT] No new percent to tweet. Last: 53, Current: 53
2025-07-16 13:57:41,612 [PST: 2025-07-16 06:57:41 PDT] No new percent to tweet. Last: 53, Current: 53
2025-07-16 22:48:11,433 [PST: 2025-07-16 15:48:11 PDT] No new percent to tweet. Last: 53, Current: 53
2025-07-17 04:26:55,257 [PST: 2025-07-16 21:26:54 PDT] Tweeted: 2025 is 54% approved on the banana scale with image banana_cropped_54.png | Tweet response: Response(data={'edit_history_tweet_ids': ['1945701724007674206'], 'id': '1945701724007674206', 'text': '2025 is 54% approved on the banana scale https://t.co/EXmnVbaY2w'}, includes={}, errors=[], meta={})
2025-07-17 05:50:20,373 [PST: 2025-07-16 22:50:20 PDT] No new percent to tweet. Last: 54, Current: 54
2025-07-17 06:58:07,443 [PST: 2025-07-16 23:58:07 PDT] No new percent to tweet. Last: 54, Current: 54
2025-07-17 07:39:58,946 [PST: 2025-07-17 00:39:58 PDT] No new percent to tweet. Last: 54, Current: 54
2025-07-17 08:55:56,888 [PST: 2025-07-17 01:55:56 PDT] No new percent to tweet. Last: 54, Current: 54
2025-07-17 09:47:24,894 [PST: 2025-07-17 02:47:24 PDT] No new percent to tweet. Last: 54, Current: 54
2025-07-17 10:50:56,814 [PST: 2025-07-17 03:50:56 PDT] No new percent to tweet. Last: 54, Current: 54
2025-07-17 11:33:17,299 [PST: 2025-07-17 04:33:17 PDT] No new percent to tweet. Last: 54, Current: 54
2025-07-17 13:51:33,041 [PST: 2025-07-17 06:51:33 PDT] No new percent to tweet. Last: 54, Current: 54
2025-07-17 14:47:37,271 [PST: 2025-07-17 07:47:37 PDT] No new percent to tweet. Last: 54, Current: 54
2025-07-17 15:44:07,081 [PST: 2025-07-17 08:44:07 PDT] No new percent to tweet. Last: 54, Current: 54
2025-07-17 16:53:52,640 [PST: 2025-07-17 09:53:52 PDT] No new percent to tweet. Last: 54, Current: 54
2025-07-17 17:42:54,639 [PST: 2025-07-17 10:42:54 PDT] No new percent to tweet. Last: 54, Current: 54
2025-07-17 18:57:29,786 [PST: 2025-07-17 11:57:29 PDT] No new percent to tweet. Last: 54, Current: 54
2025-07-17 19:31:12,918 [PST: 2025-07-17 12:31:12 PDT] No new percent to tweet. Last: 54, Current: 54
2025-07-17 20:42:28,534 [PST: 2025-07-17 13:42:28 PDT] No new percent to tweet. Last: 54, Current: 54
2025-07-17 21:36:58,400 [PST: 2025-07-17 14:36:58 PDT] No new percent to tweet. Last: 54, Current: 54
2025-07-17 22:44:35,095 [PST: 2025-07-17 15:44:35 PDT] No new percent to tweet. Last: 54, Current: 54
2025-07-17 23:37:51,178 [PST: 2025-07-17 16:37:51 PDT] No new percent to tweet. Last: 54, Current: 54
